<?xml version="1.0" encoding="UTF-8"?>
<!-- Generated by org.testng.reporters.JUnitXMLReporter -->
<testsuite hostname="DESKTOP-0FC8C65" ignored="0" name="Banking2.1 Test" tests="14" failures="0" timestamp="2021-02-05T20:29:46 CST" time="28.702" errors="0">
  <testcase name="testuserIDField" time="0.118" classname="com.Guru99_2021.testCases.LoginPageTest"/>
  <testcase name="testpasswordField" time="0.085" classname="com.Guru99_2021.testCases.LoginPageTest"/>
  <testcase name="testloginButton" time="1.548" classname="com.Guru99_2021.testCases.LoginPageTest"/>
  <testcase name="testcustomerNameField" time="0.162" classname="com.Guru99_2021.testCases.NewCustomerPageTest"/>
  <testcase name="testcustomerGenderF" time="0.061" classname="com.Guru99_2021.testCases.NewCustomerPageTest"/>
  <testcase name="testcustomerDoB" time="0.134" classname="com.Guru99_2021.testCases.NewCustomerPageTest"/>
  <testcase name="testcustomerAddress" time="0.073" classname="com.Guru99_2021.testCases.NewCustomerPageTest"/>
  <testcase name="testcustomerCity" time="0.08" classname="com.Guru99_2021.testCases.NewCustomerPageTest"/>
  <testcase name="testcustomerState" time="0.081" classname="com.Guru99_2021.testCases.NewCustomerPageTest"/>
  <testcase name="testcustomerPin" time="0.069" classname="com.Guru99_2021.testCases.NewCustomerPageTest"/>
  <testcase name="testcustomerMobile" time="3.077" classname="com.Guru99_2021.testCases.NewCustomerPageTest"/>
  <testcase name="testcustomerEmail" time="3.171" classname="com.Guru99_2021.testCases.NewCustomerPageTest"/>
  <testcase name="testcustomerPassword" time="3.115" classname="com.Guru99_2021.testCases.NewCustomerPageTest"/>
  <testcase name="testsubmitButton" time="0.283" classname="com.Guru99_2021.testCases.NewCustomerPageTest"/>
</testsuite> <!-- Banking2.1 Test -->
